<?xml version='1.0' ?>
<testsuites datetime="2017-03-15_04-32-00-313">
    <systeminfo devicetype="FD5551C-SU" sdkversion="6.0" />
    <testsuite name="com.example.zhengjin.funsettingsuitest.testcases.TestCommonSettings">
        <testcase classname="TestCommonSettings" methodname="test11TitleNameOfSettingsPage"
            testresult="pass" time="21.1s" />
        <testcase classname="TestCommonSettings" methodname="test12DeviceNameDefaultValue"
            testresult="pass" time="20.8s" />
        <testcase classname="TestCommonSettings" methodname="test13DeviceNameSubValues" testresult="pass"
            time="21.1s" />
        <testcase classname="TestCommonSettings" methodname="test14_01SelectDeviceName" testresult="pass"
            time="32.2s" />
        <testcase classname="TestCommonSettings" methodname="test14_02SelfDefineDeviceNameAndCancel"
            testresult="pass" time="32.8s" />
        <testcase classname="TestCommonSettings"
            methodname="test14_03SelfDefineDeviceNameAndConfirm" testresult="pass" time="35.8s" />
        <testcase classname="TestCommonSettings" methodname="test14_04SelfDefineEmptyNameAndConfirm"
            testresult="pass" time="38.9s" />
        <testcase classname="TestCommonSettings" methodname="test15_01OpenAdvancedSettingItem"
            testresult="pass" time="28.3s" />
        <testcase classname="TestCommonSettings" methodname="test15_01SleepTimeSubValues"
            testresult="pass" time="47.4s" />
        <testcase classname="TestCommonSettings" methodname="test15_02SleepTimeDefaultValue"
            testresult="pass" time="28.3s" />
        <testcase classname="TestCommonSettings" methodname="test16SelectSleepTime" testresult="pass"
            time="32.2s" />
        <testcase classname="TestCommonSettings"
            methodname="test17_01TitleAndValueOfSetShutDownTime" testresult="pass" time="28.3s" />
        <testcase classname="TestCommonSettings"
            methodname="test17_02TitleAndTipsOnSetShutDownTimeDialog" testresult="pass"
            time="31.4s" />
        <testcase classname="TestCommonSettings" methodname="test17_03ShutDownTimeCheckboxOnDialog"
            testresult="pass" time="33.4s" />
        <testcase classname="TestCommonSettings"
            methodname="test17_04TimesControlOnShutDownTimeDialog" testresult="failed" time="31.4s">
            <failure message="Exception">
                <trace>junit.framework.AssertionFailedError
                    at junit.framework.Assert.fail(Assert.java:48)
                    at junit.framework.Assert.assertTrue(Assert.java:20)
                    at junit.framework.Assert.assertNotNull(Assert.java:218)
                    at junit.framework.Assert.assertNotNull(Assert.java:211)
                    at
                    com.example.zhengjin.funsettingsuitest.testcases.TestCommonSettings.test17_04TimesControlOnShutDownTimeDialog(TestCommonSettings.java:381)
                    at java.lang.reflect.Method.invoke(Native Method)
                    at
                    org.junit.runners.model.FrameworkMethod$1.runReflectiveCall(FrameworkMethod.java:50)
                    at
                    org.junit.internal.runners.model.ReflectiveCallable.run(ReflectiveCallable.java:12)
                    at
                    org.junit.runners.model.FrameworkMethod.invokeExplosively(FrameworkMethod.java:47)
                    at
                    org.junit.internal.runners.statements.InvokeMethod.evaluate(InvokeMethod.java:17)
                    at org.junit.internal.runners.statements.RunBefores.evaluate(RunBefores.java:26)
                    at org.junit.internal.runners.statements.RunAfters.evaluate(RunAfters.java:27)
                    at org.junit.runners.ParentRunner.runLeaf(ParentRunner.java:325)
                    at
                    org.junit.runners.BlockJUnit4ClassRunner.runChild(BlockJUnit4ClassRunner.java:78)
                    at
                    org.junit.runners.BlockJUnit4ClassRunner.runChild(BlockJUnit4ClassRunner.java:57)
                    at org.junit.runners.ParentRunner$3.run(ParentRunner.java:290)
                    at org.junit.runners.ParentRunner$1.schedule(ParentRunner.java:71)
                    at org.junit.runners.ParentRunner.runChildren(ParentRunner.java:288)
                    at org.junit.runners.ParentRunner.access$000(ParentRunner.java:58)
                    at org.junit.runners.ParentRunner$2.evaluate(ParentRunner.java:268)
                    at org.junit.internal.runners.statements.RunBefores.evaluate(RunBefores.java:26)
                    at org.junit.runners.ParentRunner.run(ParentRunner.java:363)
                    at org.junit.runners.Suite.runChild(Suite.java:128)
                    at org.junit.runners.Suite.runChild(Suite.java:27)
                    at org.junit.runners.ParentRunner$3.run(ParentRunner.java:290)
                    at org.junit.runners.ParentRunner$1.schedule(ParentRunner.java:71)
                    at org.junit.runners.ParentRunner.runChildren(ParentRunner.java:288)
                    at org.junit.runners.ParentRunner.access$000(ParentRunner.java:58)
                    at org.junit.runners.ParentRunner$2.evaluate(ParentRunner.java:268)
                    at org.junit.runners.ParentRunner.run(ParentRunner.java:363)
                    at org.junit.runners.Suite.runChild(Suite.java:128)
                    at org.junit.runners.Suite.runChild(Suite.java:27)
                    at org.junit.runners.ParentRunner$3.run(ParentRunner.java:290)
                    at org.junit.runners.ParentRunner$1.schedule(ParentRunner.java:71)
                    at org.junit.runners.ParentRunner.runChildren(ParentRunner.java:288)
                    at org.junit.runners.ParentRunner.access$000(ParentRunner.java:58)
                    at org.junit.runners.ParentRunner$2.evaluate(ParentRunner.java:268)
                    at org.junit.runners.ParentRunner.run(ParentRunner.java:363)
                    at org.junit.runner.JUnitCore.run(JUnitCore.java:137)
                    at org.junit.runner.JUnitCore.run(JUnitCore.java:115)
                    at
                    android.support.test.internal.runner.TestExecutor.execute(TestExecutor.java:59)
                    at
                    android.support.test.runner.AndroidJUnitRunner.onStart(AndroidJUnitRunner.java:262)
                    at
                    android.app.Instrumentation$InstrumentationThread.run(Instrumentation.java:1879)
                </trace>
            </failure>
        </testcase>
        <testcase classname="TestCommonSettings"
            methodname="test17_05EditHoursControlOnShutDownTimeDialog" testresult="pass"
            time="40.6s" />
        <testcase classname="TestCommonSettings"
            methodname="test17_06EditMinutesControlOnSetShutDownTimeDialog" testresult="pass"
            time="43.2s" />
        <testcase classname="TestCommonSettings" methodname="test17_11SetShutDownTimeAndSave"
            testresult="pass" time="45.8s" />
        <testcase classname="TestCommonSettings" methodname="test17_14UnsetShutDownTime"
            testresult="pass" time="32.5s" />
        <testcase classname="TestCommonSettings"
            methodname="test17_15SetShutDownTimeLessThanFiveMinutes" testresult="pass"
            time="39.9s" />
        <testcase classname="TestCommonSettings" methodname="test18_01ScreenSaverDefaultValue"
            testresult="pass" time="20.2s" />
        <testcase classname="TestCommonSettings" methodname="test18_02ScreenSaverSubValues"
            testresult="failed" time="48.4s">
            <failure message="Exception">
                <trace>junit.framework.AssertionFailedError
                    at junit.framework.Assert.fail(Assert.java:48)
                    at junit.framework.Assert.assertTrue(Assert.java:20)
                    at junit.framework.Assert.assertTrue(Assert.java:27)
                    at
                    com.example.zhengjin.funsettingsuitest.testcases.TestCommonSettings.test18_02ScreenSaverSubValues(TestCommonSettings.java:624)
                    at java.lang.reflect.Method.invoke(Native Method)
                    at
                    org.junit.runners.model.FrameworkMethod$1.runReflectiveCall(FrameworkMethod.java:50)
                    at
                    org.junit.internal.runners.model.ReflectiveCallable.run(ReflectiveCallable.java:12)
                    at
                    org.junit.runners.model.FrameworkMethod.invokeExplosively(FrameworkMethod.java:47)
                    at
                    org.junit.internal.runners.statements.InvokeMethod.evaluate(InvokeMethod.java:17)
                    at org.junit.internal.runners.statements.RunBefores.evaluate(RunBefores.java:26)
                    at org.junit.internal.runners.statements.RunAfters.evaluate(RunAfters.java:27)
                    at org.junit.runners.ParentRunner.runLeaf(ParentRunner.java:325)
                    at
                    org.junit.runners.BlockJUnit4ClassRunner.runChild(BlockJUnit4ClassRunner.java:78)
                    at
                    org.junit.runners.BlockJUnit4ClassRunner.runChild(BlockJUnit4ClassRunner.java:57)
                    at org.junit.runners.ParentRunner$3.run(ParentRunner.java:290)
                    at org.junit.runners.ParentRunner$1.schedule(ParentRunner.java:71)
                    at org.junit.runners.ParentRunner.runChildren(ParentRunner.java:288)
                    at org.junit.runners.ParentRunner.access$000(ParentRunner.java:58)
                    at org.junit.runners.ParentRunner$2.evaluate(ParentRunner.java:268)
                    at org.junit.internal.runners.statements.RunBefores.evaluate(RunBefores.java:26)
                    at org.junit.runners.ParentRunner.run(ParentRunner.java:363)
                    at org.junit.runners.Suite.runChild(Suite.java:128)
                    at org.junit.runners.Suite.runChild(Suite.java:27)
                    at org.junit.runners.ParentRunner$3.run(ParentRunner.java:290)
                    at org.junit.runners.ParentRunner$1.schedule(ParentRunner.java:71)
                    at org.junit.runners.ParentRunner.runChildren(ParentRunner.java:288)
                    at org.junit.runners.ParentRunner.access$000(ParentRunner.java:58)
                    at org.junit.runners.ParentRunner$2.evaluate(ParentRunner.java:268)
                    at org.junit.runners.ParentRunner.run(ParentRunner.java:363)
                    at org.junit.runners.Suite.runChild(Suite.java:128)
                    at org.junit.runners.Suite.runChild(Suite.java:27)
                    at org.junit.runners.ParentRunner$3.run(ParentRunner.java:290)
                    at org.junit.runners.ParentRunner$1.schedule(ParentRunner.java:71)
                    at org.junit.runners.ParentRunner.runChildren(ParentRunner.java:288)
                    at org.junit.runners.ParentRunner.access$000(ParentRunner.java:58)
                    at org.junit.runners.ParentRunner$2.evaluate(ParentRunner.java:268)
                    at org.junit.runners.ParentRunner.run(ParentRunner.java:363)
                    at org.junit.runner.JUnitCore.run(JUnitCore.java:137)
                    at org.junit.runner.JUnitCore.run(JUnitCore.java:115)
                    at
                    android.support.test.internal.runner.TestExecutor.execute(TestExecutor.java:59)
                    at
                    android.support.test.runner.AndroidJUnitRunner.onStart(AndroidJUnitRunner.java:262)
                    at
                    android.app.Instrumentation$InstrumentationThread.run(Instrumentation.java:1879)
                </trace>
            </failure>
        </testcase>
        <testcase classname="TestCommonSettings" methodname="test19SelectScreenSaver" testresult="pass"
            time="28.2s" />
        <testcase classname="TestCommonSettings" methodname="test21InstallUnknownAppDefaultValue"
            testresult="pass" time="22.8s" />
        <testcase classname="TestCommonSettings"
            methodname="test22AllowedInstallUnknownAppAndCancel" testresult="pass" time="29.4s" />
        <testcase classname="TestCommonSettings"
            methodname="test23AllowedInstallUnknownAppAndConfirm" testresult="pass" time="29.9s" />
        <testcase classname="TestCommonSettings" methodname="test24ForbiddenInstallUnknownApp"
            testresult="pass" time="30.8s" />
        <testcase classname="TestCommonSettings"
            methodname="test25SystemRecoverDialogAndClickCancel" testresult="pass" time="24.8s" />
        <testcase classname="TestCommonSettings" methodname="test26SaveInfoOnSystemRecoverDialog"
            testresult="pass" time="26.8s" />
        <testcase classname="TestCommonSettings" methodname="test31WallpaperDefaultValue"
            testresult="pass" time="20.5s" />
        <testcase classname="TestCommonSettings" methodname="test32SubWallpapersOnSelectPage"
            testresult="pass" time="26.5s" />
        <testcase classname="TestCommonSettings" methodname="test33SelectWallpaper" testresult="pass"
            time="32.2s" />
        <testcase classname="TestCommonSettings" methodname="test34InputMethodDefaultValue"
            testresult="pass" time="19.9s" />
        <testcase classname="TestCommonSettings" methodname="test35SelectInputMethod" testresult="pass"
            time="34.4s" />
        <testcase classname="TestCommonSettings" methodname="test99ClearUpAfterAllTestCasesDone"
            testresult="pass" time="20.9s" />
        <suiteinfo count="35" runtime="1082.2s" />
    </testsuite>
    <testsuite name="com.example.zhengjin.funsettingsuitest.testcases.TestFileManager">
        <testcase classname="TestFileManager" methodname="test13OpenAllFilesCardFromSdcardTab"
            testresult="pass" time="11.2s" />
        <testcase classname="TestFileManager" methodname="test14NavigateToSpecifiedPath"
            testresult="pass" time="19.0s" />
        <testcase classname="TestFileManager" methodname="test16OpenUnknownTypeFile" testresult="pass"
            time="19.1s" />
        <testcase classname="TestFileManager" methodname="test21MenuHideBtnExistForDir" testresult="pass"
            time="23.3s" />
        <testcase classname="TestFileManager" methodname="test22MenuRemoveAndHideBtnExistForFile"
            testresult="pass" time="23.3s" />
        <testcase classname="TestFileManager" methodname="test23HideAndShowDirectory" testresult="pass"
            time="32.3s" />
        <testcase classname="TestFileManager" methodname="test24HideAndShowFile" testresult="pass"
            time="29.4s" />
        <testcase classname="TestFileManager" methodname="test25RemoveFileAndCancel" testresult="pass"
            time="25.2s" />
        <testcase classname="TestFileManager" methodname="test26RemoveFileAndConfirm" testresult="pass"
            time="25.3s" />
        <testcase classname="TestFileManager" methodname="test27HideAndShowOnlyFileOfDirectory"
            testresult="pass" time="31.5s" />
        <testcase classname="TestFileManager" methodname="test28RemoveOnlyFileOfDirectory"
            testresult="pass" time="28.3s" />
        <testcase classname="TestFileManager" methodname="test32MessageWhenEmptyForAppCard"
            testresult="pass" time="14.9s" />
        <testcase classname="TestFileManager" methodname="test33MessageWhenEmptyForMusicCard"
            testresult="pass" time="14.8s" />
        <testcase classname="TestFileManager" methodname="test34MessageWhenEmptyForPictureCard"
            testresult="pass" time="14.8s" />
        <testcase classname="TestFileManager" methodname="test41_01HideVideoFile" testresult="pass"
            time="39.4s" />
        <testcase classname="TestFileManager" methodname="test41_02ShowVideoFile" testresult="pass"
            time="37.5s" />
        <testcase classname="TestFileManager" methodname="test41_03HideVideoDirectory" testresult="pass"
            time="34.9s" />
        <testcase classname="TestFileManager" methodname="test41_04ShowVideoDirectory" testresult="pass"
            time="31.3s" />
        <testcase classname="TestFileManager"
            methodname="test41_05RemoveVideoFileFromAllFilesCategory" testresult="pass"
            time="39.4s" />
        <testcase classname="TestFileManager" methodname="test41_06RemoveVideoFileFromVideoCategory"
            testresult="pass" time="39.9s" />
        <testcase classname="TestFileManager" methodname="test41_07MessageWhenEmptyForVideoCard"
            testresult="pass" time="15.0s" />
        <testcase classname="TestFileManager" methodname="test99ClearUpAfterAllTestCasesDone"
            testresult="pass" time="8.6s" />
        <suiteinfo count="22" runtime="559.1s" />
    </testsuite>
    <testsuite name="com.example.zhengjin.funsettingsuitest.testcases.TestWeather">
        <testcase classname="TestWeather" methodname="test11DefaultLocatedCity" testresult="pass"
            time="16.6s" />
        <testcase classname="TestWeather" methodname="test12BottomTipOnWeatherHome" testresult="pass"
            time="14.9s" />
        <testcase classname="TestWeather" methodname="test13WeatherForecastDates" testresult="pass"
            time="15.0s" />
        <testcase classname="TestWeather" methodname="test14FunctionButtonsInMenu" testresult="pass"
            time="17.1s" />
        <testcase classname="TestWeather" methodname="test15UpdateWeatherData" testresult="pass"
            time="22.7s" />
        <testcase classname="TestWeather" methodname="test21_01TitleAndLocationListOnAddCityPage"
            testresult="pass" time="24.3s" />
        <testcase classname="TestWeather" methodname="test21_02AddCityAndCancel" testresult="pass"
            time="38.6s" />
        <testcase classname="TestWeather" methodname="test21_03AddNewCityWeather" testresult="pass"
            time="39.8s" />
        <testcase classname="TestWeather" methodname="test23_01TitleAndLocationListOnAddDefaultPage"
            testresult="pass" time="24.2s" />
        <testcase classname="TestWeather" methodname="test23_02AddDefaultCityAndCancel" testresult="pass"
            time="40.8s" />
        <testcase classname="TestWeather" methodname="test23_03AddDefaultCityWeather" testresult="pass"
            time="41.1s" />
        <testcase classname="TestWeather" methodname="test23_04HomeCityAfterAddDefaultCity"
            testresult="pass" time="15.2s" />
        <testcase classname="TestWeather" methodname="test25_01ModifyDefaultCity" testresult="pass"
            time="39.9s" />
        <testcase classname="TestWeather" methodname="test25_02HomeCityAfterModifyDefaultCity"
            testresult="pass" time="14.9s" />
        <testcase classname="TestWeather" methodname="test25_03ReAddDefaultCity" testresult="pass"
            time="28.6s" />
        <testcase classname="TestWeather" methodname="test27CityListSequenceAfterUpdates"
            testresult="pass" time="21.3s" />
        <testcase classname="TestWeather" methodname="test31DeleteButtonOnMenu" testresult="pass"
            time="17.5s" />
        <testcase classname="TestWeather" methodname="test32_01DeleteCityAndCancel" testresult="pass"
            time="29.6s" />
        <testcase classname="TestWeather" methodname="test32_02DeleteCityAndConfirm" testresult="pass"
            time="31.5s" />
        <testcase classname="TestWeather" methodname="test33_01DeleteDefaultCityAndCancel"
            testresult="pass" time="26.2s" />
        <testcase classname="TestWeather" methodname="test33_02DeleteDefaultCityAndConfirm"
            testresult="pass" time="29.3s" />
        <testcase classname="TestWeather"
            methodname="test36HomeCityAndDeleteBtnNotExistForOnlyOneCity" testresult="pass"
            time="412.2s" />
        <testcase classname="TestWeather" methodname="test99ClearUpAfterAllTestCasesDone"
            testresult="pass" time="14.4s" />
        <suiteinfo count="23" runtime="976.8s" />
    </testsuite>
    <testsuite name="com.example.zhengjin.funsettingsuitest.testcases.TestImageAndSoundSettings">
        <testcase classname="TestImageAndSoundSettings"
            methodname="test01TitleOfImageAndSoundSettingsPage" testresult="pass" time="8.0s" />
        <testcase classname="TestImageAndSoundSettings"
            methodname="test02_01TitleAndValueOfDefaultPlayClarity" testresult="pass" time="8.4s" />
        <testcase classname="TestImageAndSoundSettings"
            methodname="test02_02TitleOfImageParamsSettingItem" testresult="pass" time="8.9s" />
        <testcase classname="TestImageAndSoundSettings"
            methodname="test03TitleAndDefaultValueOfPressKeySoundSettingItem" testresult="pass"
            time="8.5s" />
        <testcase classname="TestImageAndSoundSettings"
            methodname="test04TurnOffPressKeySoundSettingItem" testresult="pass" time="17.0s" />
        <testcase classname="TestImageAndSoundSettings"
            methodname="test05TitleAndDefaultValueOfAudioAroundSettingItem" testresult="pass"
            time="8.4s" />
        <testcase classname="TestImageAndSoundSettings"
            methodname="test06TurnOnAudioAroundSettingItem" testresult="pass" time="17.9s" />
        <testcase classname="TestImageAndSoundSettings"
            methodname="test07EnergySaverSettingItemIsHidden" testresult="pass" time="8.5s" />
        <testcase classname="TestImageAndSoundSettings"
            methodname="test11TitleAndDefaultValueOfColorTmpOnImageParams" testresult="pass"
            time="14.8s" />
        <testcase classname="TestImageAndSoundSettings"
            methodname="test12SubValuesOfColorTmpOnImageParams" testresult="pass" time="41.1s" />
        <testcase classname="TestImageAndSoundSettings"
            methodname="test13TitleAndDefaultValueOfBackLightOnImageParams" testresult="pass"
            time="15.1s" />
        <testcase classname="TestImageAndSoundSettings"
            methodname="test14SetValueOfBackLightOnImageParams" testresult="pass" time="21.2s" />
        <testcase classname="TestImageAndSoundSettings"
            methodname="test21TitleAndDefaultValueOfBrightnessOnImageParams" testresult="pass"
            time="15.0s" />
        <testcase classname="TestImageAndSoundSettings"
            methodname="test22SetValueOfBrightnessOnImageParams" testresult="pass" time="25.3s" />
        <testcase classname="TestImageAndSoundSettings"
            methodname="test23TitleAndDefaultValueOfContrastOnImageParams" testresult="pass"
            time="15.0s" />
        <testcase classname="TestImageAndSoundSettings"
            methodname="test24SetValueOfContrastOnImageParams" testresult="pass" time="27.3s" />
        <testcase classname="TestImageAndSoundSettings"
            methodname="test25TitleAndDefaultValueOfSaturationOnImageParams" testresult="pass"
            time="15.3s" />
        <testcase classname="TestImageAndSoundSettings"
            methodname="test26SetValueOfSaturationOnImageParams" testresult="pass" time="27.6s" />
        <testcase classname="TestImageAndSoundSettings"
            methodname="test27TitleOfResetAllToDefaultOnImageParams" testresult="pass"
            time="15.1s" />
        <testcase classname="TestImageAndSoundSettings"
            methodname="test28ValuesSetToDefaultAfterResetOnImageParams" testresult="pass"
            time="26.6s" />
        <testcase classname="TestImageAndSoundSettings"
            methodname="test99ClearUpAfterAllTestCasesDone" testresult="pass" time="8.6s" />
        <suiteinfo count="21" runtime="354.6s" />
    </testsuite>
    <testsuite name="com.example.zhengjin.funsettingsuitest.testcases.TestAboutInfoPage">
        <testcase classname="TestAboutInfoPage" methodname="test01AboutInfoPageTitle" testresult="pass"
            time="9.1s" />
        <testcase classname="TestAboutInfoPage" methodname="test02ProductInfoItemOnAboutInfo"
            testresult="pass" time="9.5s" />
        <testcase classname="TestAboutInfoPage"
            methodname="test03TitleAndQrCodeOnProductInfoSubPage" testresult="pass" time="12.5s" />
        <testcase classname="TestAboutInfoPage" methodname="test04_01TvNameOnProductInfoSubPage"
            testresult="pass" time="12.6s" />
        <testcase classname="TestAboutInfoPage" methodname="test04_02TvModelOnProductInfoSubPage"
            testresult="pass" time="12.7s" />
        <testcase classname="TestAboutInfoPage" methodname="test04_03TvRomSizeOnProductInfoSubPage"
            testresult="pass" time="12.7s" />
        <testcase classname="TestAboutInfoPage" methodname="test04_04TvSeriesIdOnProductInfoSubPage"
            testresult="pass" time="12.6s" />
        <testcase classname="TestAboutInfoPage" methodname="test06NetworkInfoItemOnAboutInfo"
            testresult="pass" time="9.6s" />
        <testcase classname="TestAboutInfoPage" methodname="test07NetworkStatusInfoOnSubPage"
            testresult="pass" time="13.6s" />
        <testcase classname="TestAboutInfoPage" methodname="test08NetworkWiredInfoOnSubPage"
            testresult="pass" time="13.7s" />
        <testcase classname="TestAboutInfoPage" methodname="test09NetworkWirelessInfoMacOnSubPage"
            testresult="pass" time="13.8s" />
        <testcase classname="TestAboutInfoPage" methodname="test11QuestionFeedbackItem" testresult="pass"
            time="9.8s" />
        <testcase classname="TestAboutInfoPage"
            methodname="test12ContentAndMenuInQuestionFeedbackSubPage" testresult="pass"
            time="17.1s" />
        <testcase classname="TestAboutInfoPage" methodname="test13ButtonsInFeedbackMenuOfSubPage"
            testresult="pass" time="17.0s" />
        <testcase classname="TestAboutInfoPage"
            methodname="test14StartAndStopCatchLogOnFeedbackSubPage" testresult="pass"
            time="37.3s" />
        <testcase classname="TestAboutInfoPage" methodname="test15DumpLogToDiskOnFeedbackSubPage"
            testresult="pass" time="27.2s" />
        <testcase classname="TestAboutInfoPage" methodname="test17SystemVersionItemOnAboutInfo"
            testresult="pass" time="9.5s" />
        <testcase classname="TestAboutInfoPage" methodname="test18PlayControllerItemOnAboutInfo"
            testresult="pass" time="9.5s" />
        <testcase classname="TestAboutInfoPage" methodname="test21LawInfoItemOnAboutInfo"
            testresult="pass" time="9.5s" />
        <testcase classname="TestAboutInfoPage" methodname="test22TitleAndItemsOnLawInfoSubPage"
            testresult="pass" time="16.7s" />
        <testcase classname="TestAboutInfoPage"
            methodname="test23TitleAndContentOnCopyRightProtectSubPage" testresult="pass"
            time="20.0s" />
        <testcase classname="TestAboutInfoPage"
            methodname="test24TitleAndContentOnPrivacyPolicySubPage" testresult="pass"
            time="21.1s" />
        <testcase classname="TestAboutInfoPage"
            methodname="test25TitleAndContentOnUserAgreementSubPage" testresult="pass"
            time="22.2s" />
        <testcase classname="TestAboutInfoPage" methodname="test99ClearUpAfterAllTestCasesDone"
            testresult="pass" time="9.5s" />
        <suiteinfo count="24" runtime="358.9s" />
    </testsuite>
    <summary ignore="8" runtime="3332.5s" total="133" totalfailed="2" totalpass="123" />
</testsuites>